c:\users\maspencer91\documents\visual studio 2013\projects\spacebattle\spacebattle\debug\vc120.pdb
c:\users\maspencer91\documents\visual studio 2013\projects\spacebattle\spacebattle\debug\vc120.idb
c:\users\maspencer91\documents\visual studio 2013\projects\spacebattle\spacebattle\debug\main.obj
c:\users\maspencer91\documents\visual studio 2013\projects\spacebattle\spacebattle\debug\bulletgraphics.obj
c:\users\maspencer91\documents\visual studio 2013\projects\spacebattle\spacebattle\debug\bulletinput.obj
c:\users\maspencer91\documents\visual studio 2013\projects\spacebattle\spacebattle\debug\gameobject.obj
c:\users\maspencer91\documents\visual studio 2013\projects\spacebattle\spacebattle\debug\helper.obj
c:\users\maspencer91\documents\visual studio 2013\projects\spacebattle\spacebattle\debug\playergraphics.obj
c:\users\maspencer91\documents\visual studio 2013\projects\spacebattle\spacebattle\debug\playerinput.obj
c:\users\maspencer91\documents\visual studio 2013\projects\spacebattle\spacebattle\debug\world1.obj
c:\users\maspencer91\documents\github\space-battle\spacebattle\spacebattle\debug\vc120.pdb
c:\users\maspencer91\documents\github\space-battle\spacebattle\spacebattle\debug\vc120.idb
c:\users\maspencer91\documents\github\space-battle\spacebattle\spacebattle\debug\bulletgraphics.obj
c:\users\maspencer91\documents\github\space-battle\spacebattle\spacebattle\debug\bulletinput.obj
c:\users\maspencer91\documents\github\space-battle\spacebattle\spacebattle\debug\gameobject.obj
c:\users\maspencer91\documents\github\space-battle\spacebattle\spacebattle\debug\helper.obj
c:\users\maspencer91\documents\github\space-battle\spacebattle\spacebattle\debug\main.obj
c:\users\maspencer91\documents\github\space-battle\spacebattle\spacebattle\debug\playergraphics.obj
c:\users\maspencer91\documents\github\space-battle\spacebattle\spacebattle\debug\playerinput.obj
c:\users\maspencer91\documents\github\space-battle\spacebattle\spacebattle\debug\world1.obj
c:\users\maspencer91\documents\visual studio 2013\projects\spacebattle\debug\spacebattle.ilk
c:\users\maspencer91\documents\visual studio 2013\projects\spacebattle\debug\spacebattle.exe
c:\users\maspencer91\documents\visual studio 2013\projects\spacebattle\debug\spacebattle.pdb
c:\users\maspencer91\documents\github\space-battle\spacebattle\debug\spacebattle.ilk
c:\users\maspencer91\documents\github\space-battle\spacebattle\debug\spacebattle.exe
c:\users\maspencer91\documents\github\space-battle\spacebattle\debug\spacebattle.pdb
c:\users\maspencer91\documents\github\space-battle\spacebattle\spacebattle\debug\spacebattle.tlog\cl.command.1.tlog
c:\users\maspencer91\documents\github\space-battle\spacebattle\spacebattle\debug\spacebattle.tlog\cl.read.1.tlog
c:\users\maspencer91\documents\github\space-battle\spacebattle\spacebattle\debug\spacebattle.tlog\cl.write.1.tlog
c:\users\maspencer91\documents\github\space-battle\spacebattle\spacebattle\debug\spacebattle.tlog\link.command.1.tlog
c:\users\maspencer91\documents\github\space-battle\spacebattle\spacebattle\debug\spacebattle.tlog\link.read.1.tlog
c:\users\maspencer91\documents\github\space-battle\spacebattle\spacebattle\debug\spacebattle.tlog\link.write.1.tlog
