Build started 27/06/2015 14:03:03.
     1>Project "C:\Users\maspencer91\Documents\GitHub\Space-Battle\SpaceBattle\SpaceBattle\SpaceBattle.vcxproj" on node 2 (Build target(s)).
     1>ClCompile:
         C:\Program Files (x86)\Microsoft Visual Studio 12.0\VC\bin\CL.exe /c /I"C:\SFML-2.3\include" /IC:\glm /Zi /nologo /W3 /WX- /sdl /O2 /Oi /Oy- /GL /D WIN32 /D NDEBUG /D _CONSOLE /D _LIB /D _UNICODE /D UNICODE /Gm- /EHsc /MD /GS /Gy /fp:precise /Zc:wchar_t /Zc:forScope /Fo"Release\\" /Fd"Release\vc120.pdb" /Gd /TP /analyze- /errorReport:prompt BulletGraphics.cpp BulletInput.cpp Camera.cpp EnemyPodAI.cpp EnemyPodAnimator.cpp EnemyPodGraphics.cpp GameObject.cpp main.cpp PlayerAnimator.cpp PlayerGraphics.cpp PlayerInput.cpp World1.cpp
         BulletGraphics.cpp
         BulletInput.cpp
         Camera.cpp
         EnemyPodAI.cpp
         EnemyPodAnimator.cpp
         EnemyPodGraphics.cpp
         GameObject.cpp
     1>GameObject.cpp(14): warning C4244: 'argument' : conversion from 'int' to 'float', possible loss of data
         main.cpp
     1>main.cpp(71): warning C4244: 'argument' : conversion from 'double' to 'float', possible loss of data
         PlayerAnimator.cpp
         PlayerGraphics.cpp
         PlayerInput.cpp
         World1.cpp
     1>World1.cpp(130): warning C4018: '<' : signed/unsigned mismatch
     1>World1.cpp(140): warning C4018: '<' : signed/unsigned mismatch
     1>World1.cpp(159): warning C4018: '<' : signed/unsigned mismatch
       Link:
         C:\Program Files (x86)\Microsoft Visual Studio 12.0\VC\bin\link.exe /ERRORREPORT:PROMPT /OUT:"C:\Users\maspencer91\Documents\GitHub\Space-Battle\SpaceBattle\Release\SpaceBattle.exe" /INCREMENTAL:NO /NOLOGO /LIBPATH:"C:\SFML-2.3\lib" "sfml-graphics.lib" "sfml-window.lib" "sfml-system.lib" kernel32.lib user32.lib gdi32.lib winspool.lib comdlg32.lib advapi32.lib shell32.lib ole32.lib oleaut32.lib uuid.lib odbc32.lib odbccp32.lib /MANIFEST /MANIFESTUAC:"level='asInvoker' uiAccess='false'" /manifest:embed /DEBUG /PDB:"C:\Users\maspencer91\Documents\GitHub\Space-Battle\SpaceBattle\Release\SpaceBattle.pdb" /SUBSYSTEM:CONSOLE /OPT:REF /OPT:ICF /LTCG /TLBID:1 /DYNAMICBASE /NXCOMPAT /IMPLIB:"C:\Users\maspencer91\Documents\GitHub\Space-Battle\SpaceBattle\Release\SpaceBattle.lib" /MACHINE:X86 /SAFESEH Release\BulletGraphics.obj
         Release\BulletInput.obj
         Release\Camera.obj
         Release\EnemyPodAI.obj
         Release\EnemyPodAnimator.obj
         Release\EnemyPodGraphics.obj
         Release\GameObject.obj
         Release\Helper.obj
         Release\main.obj
         Release\PlayerAnimator.obj
         Release\PlayerGraphics.obj
         Release\PlayerInput.obj
         Release\World1.obj
         Generating code
         Finished generating code
         SpaceBattle.vcxproj -> C:\Users\maspencer91\Documents\GitHub\Space-Battle\SpaceBattle\Release\SpaceBattle.exe
     1>Done Building Project "C:\Users\maspencer91\Documents\GitHub\Space-Battle\SpaceBattle\SpaceBattle\SpaceBattle.vcxproj" (Build target(s)).

Build succeeded.

Time Elapsed 00:00:09.78
